This is pdfTeX, Version 3.141592653-2.6-1.40.25 (TeX Live 2023/Debian) (preloaded format=pdflatex 2026.3.27)  16 APR 2026 02:13
entering extended mode
 restricted \write18 enabled.
 %&-line parsing enabled.
**Project.tex
(./Project.tex
LaTeX2e <2023-11-01> patch level 1
L3 programming layer <2024-01-22>
(./IEEEtran.cls
Document Class: IEEEtran 2015/08/26 V1.8b by Michael Shell
-- See the "IEEEtran_HOWTO" manual for usage information.
-- http://www.michaelshell.org/tex/ieeetran/
\@IEEEtrantmpdimenA=\dimen140
\@IEEEtrantmpdimenB=\dimen141
\@IEEEtrantmpdimenC=\dimen142
\@IEEEtrantmpcountA=\count187
\@IEEEtrantmpcountB=\count188
\@IEEEtrantmpcountC=\count189
\@IEEEtrantmptoksA=\toks17
LaTeX Font Info:    Trying to load font information for OT1+ptm on input line 5
03.
(/usr/share/texlive/texmf-dist/tex/latex/psnfss/ot1ptm.fd
File: ot1ptm.fd 2001/06/04 font definitions for OT1/ptm.
)
-- Using IEEE Communications Society mode.
-- Using 8.5in x 11in (letter) paper.
-- Using PDF output.
\@IEEEnormalsizeunitybaselineskip=\dimen143
-- This is a 10 point document.
\CLASSINFOnormalsizebaselineskip=\dimen144
\CLASSINFOnormalsizeunitybaselineskip=\dimen145
\IEEEnormaljot=\dimen146
LaTeX Font Info:    Font shape `OT1/ptm/bx/n' in size <5> not available
(Font)              Font shape `OT1/ptm/b/n' tried instead on input line 1086.
LaTeX Font Info:    Font shape `OT1/ptm/bx/it' in size <5> not available
(Font)              Font shape `OT1/ptm/b/it' tried instead on input line 1086.

LaTeX Font Info:    Font shape `OT1/ptm/bx/n' in size <7> not available
(Font)              Font shape `OT1/ptm/b/n' tried instead on input line 1086.
LaTeX Font Info:    Font shape `OT1/ptm/bx/it' in size <7> not available
(Font)              Font shape `OT1/ptm/b/it' tried instead on input line 1086.

LaTeX Font Info:    Font shape `OT1/ptm/bx/n' in size <8> not available
(Font)              Font shape `OT1/ptm/b/n' tried instead on input line 1086.
LaTeX Font Info:    Font shape `OT1/ptm/bx/it' in size <8> not available
(Font)              Font shape `OT1/ptm/b/it' tried instead on input line 1086.

LaTeX Font Info:    Font shape `OT1/ptm/bx/n' in size <9> not available
(Font)              Font shape `OT1/ptm/b/n' tried instead on input line 1086.
LaTeX Font Info:    Font shape `OT1/ptm/bx/it' in size <9> not available
(Font)              Font shape `OT1/ptm/b/it' tried instead on input line 1086.

LaTeX Font Info:    Font shape `OT1/ptm/bx/n' in size <10> not available
(Font)              Font shape `OT1/ptm/b/n' tried instead on input line 1086.
LaTeX Font Info:    Font shape `OT1/ptm/bx/it' in size <10> not available
(Font)              Font shape `OT1/ptm/b/it' tried instead on input line 1086.

LaTeX Font Info:    Font shape `OT1/ptm/bx/n' in size <11> not available
(Font)              Font shape `OT1/ptm/b/n' tried instead on input line 1086.
LaTeX Font Info:    Font shape `OT1/ptm/bx/it' in size <11> not available
(Font)              Font shape `OT1/ptm/b/it' tried instead on input line 1086.

LaTeX Font Info:    Font shape `OT1/ptm/bx/n' in size <12> not available
(Font)              Font shape `OT1/ptm/b/n' tried instead on input line 1086.
LaTeX Font Info:    Font shape `OT1/ptm/bx/it' in size <12> not available
(Font)              Font shape `OT1/ptm/b/it' tried instead on input line 1086.

LaTeX Font Info:    Font shape `OT1/ptm/bx/n' in size <18> not available
(Font)              Font shape `OT1/ptm/b/n' tried instead on input line 1086.
LaTeX Font Info:    Font shape `OT1/ptm/bx/it' in size <18> not available
(Font)              Font shape `OT1/ptm/b/it' tried instead on input line 1086.

\IEEEquantizedlength=\dimen147
\IEEEquantizedlengthdiff=\dimen148
\IEEEquantizedtextheightdiff=\dimen149
\IEEEilabelindentA=\dimen150
\IEEEilabelindentB=\dimen151
\IEEEilabelindent=\dimen152
\IEEEelabelindent=\dimen153
\IEEEdlabelindent=\dimen154
\IEEElabelindent=\dimen155
\IEEEiednormlabelsep=\dimen156
\IEEEiedmathlabelsep=\dimen157
\IEEEiedtopsep=\skip48
\c@section=\count190
\c@subsection=\count191
\c@subsubsection=\count192
\c@paragraph=\count193
\c@IEEEsubequation=\count194
\abovecaptionskip=\skip49
\belowcaptionskip=\skip50
\c@figure=\count195
\c@table=\count196
\@IEEEeqnnumcols=\count197
\@IEEEeqncolcnt=\count198
\@IEEEsubeqnnumrollback=\count199
\@IEEEquantizeheightA=\dimen158
\@IEEEquantizeheightB=\dimen159
\@IEEEquantizeheightC=\dimen160
\@IEEEquantizeprevdepth=\dimen161
\@IEEEquantizemultiple=\count266
\@IEEEquantizeboxA=\box51
\@IEEEtmpitemindent=\dimen162
\IEEEPARstartletwidth=\dimen163
\c@IEEEbiography=\count267
\@IEEEtranrubishbin=\box52
)
** ATTENTION: Overriding command lockouts (line 2).
(/usr/share/texlive/texmf-dist/tex/latex/cite/cite.sty
LaTeX Info: Redefining \cite on input line 302.
LaTeX Info: Redefining \nocite on input line 332.
Package: cite 2015/02/27  v 5.5
)
(/usr/share/texlive/texmf-dist/tex/latex/amsmath/amsmath.sty
Package: amsmath 2023/05/13 v2.17o AMS math features
\@mathmargin=\skip51

For additional information on amsmath, use the `?' option.
(/usr/share/texlive/texmf-dist/tex/latex/amsmath/amstext.sty
Package: amstext 2021/08/26 v2.01 AMS text

(/usr/share/texlive/texmf-dist/tex/latex/amsmath/amsgen.sty
File: amsgen.sty 1999/11/30 v2.0 generic functions
\@emptytoks=\toks18
\ex@=\dimen164
))
(/usr/share/texlive/texmf-dist/tex/latex/amsmath/amsbsy.sty
Package: amsbsy 1999/11/29 v1.2d Bold Symbols
\pmbraise@=\dimen165
)
(/usr/share/texlive/texmf-dist/tex/latex/amsmath/amsopn.sty
Package: amsopn 2022/04/08 v2.04 operator names
)
\inf@bad=\count268
LaTeX Info: Redefining \frac on input line 234.
\uproot@=\count269
\leftroot@=\count270
LaTeX Info: Redefining \overline on input line 399.
LaTeX Info: Redefining \colon on input line 410.
\classnum@=\count271
\DOTSCASE@=\count272
LaTeX Info: Redefining \ldots on input line 496.
LaTeX Info: Redefining \dots on input line 499.
LaTeX Info: Redefining \cdots on input line 620.
\Mathstrutbox@=\box53
\strutbox@=\box54
LaTeX Info: Redefining \big on input line 722.
LaTeX Info: Redefining \Big on input line 723.
LaTeX Info: Redefining \bigg on input line 724.
LaTeX Info: Redefining \Bigg on input line 725.
\big@size=\dimen166
LaTeX Font Info:    Redeclaring font encoding OML on input line 743.
LaTeX Font Info:    Redeclaring font encoding OMS on input line 744.
\macc@depth=\count273
LaTeX Info: Redefining \bmod on input line 905.
LaTeX Info: Redefining \pmod on input line 910.
LaTeX Info: Redefining \smash on input line 940.
LaTeX Info: Redefining \relbar on input line 970.
LaTeX Info: Redefining \Relbar on input line 971.
\c@MaxMatrixCols=\count274
\dotsspace@=\muskip16
\c@parentequation=\count275
\dspbrk@lvl=\count276
\tag@help=\toks19
\row@=\count277
\column@=\count278
\maxfields@=\count279
\andhelp@=\toks20
\eqnshift@=\dimen167
\alignsep@=\dimen168
\tagshift@=\dimen169
\tagwidth@=\dimen170
\totwidth@=\dimen171
\lineht@=\dimen172
\@envbody=\toks21
\multlinegap=\skip52
\multlinetaggap=\skip53
\mathdisplay@stack=\toks22
LaTeX Info: Redefining \[ on input line 2953.
LaTeX Info: Redefining \] on input line 2954.
)
(/usr/share/texlive/texmf-dist/tex/latex/amsfonts/amssymb.sty
Package: amssymb 2013/01/14 v3.01 AMS font symbols

(/usr/share/texlive/texmf-dist/tex/latex/amsfonts/amsfonts.sty
Package: amsfonts 2013/01/14 v3.01 Basic AMSFonts support
\symAMSa=\mathgroup4
\symAMSb=\mathgroup5
LaTeX Font Info:    Redeclaring math symbol \hbar on input line 98.
LaTeX Font Info:    Overwriting math alphabet `\mathfrak' in version `bold'
(Font)                  U/euf/m/n --> U/euf/b/n on input line 106.
))
(/usr/share/texlive/texmf-dist/tex/latex/algorithms/algorithmic.sty
Package: algorithmic 2009/08/24 v0.1 Document Style `algorithmic'

(/usr/share/texlive/texmf-dist/tex/latex/base/ifthen.sty
Package: ifthen 2022/04/13 v1.1d Standard LaTeX ifthen package (DPC)
)
(/usr/share/texlive/texmf-dist/tex/latex/graphics/keyval.sty
Package: keyval 2022/05/29 v1.15 key=value parser (DPC)
\KV@toks@=\toks23
)
\c@ALC@unique=\count280
\c@ALC@line=\count281
\c@ALC@rem=\count282
\c@ALC@depth=\count283
\ALC@tlm=\skip54
\algorithmicindent=\skip55
)
(/usr/share/texlive/texmf-dist/tex/latex/graphics/graphicx.sty
Package: graphicx 2021/09/16 v1.2d Enhanced LaTeX Graphics (DPC,SPQR)

(/usr/share/texlive/texmf-dist/tex/latex/graphics/graphics.sty
Package: graphics 2022/03/10 v1.4e Standard LaTeX Graphics (DPC,SPQR)

(/usr/share/texlive/texmf-dist/tex/latex/graphics/trig.sty
Package: trig 2021/08/11 v1.11 sin cos tan (DPC)
)
(/usr/share/texlive/texmf-dist/tex/latex/graphics-cfg/graphics.cfg
File: graphics.cfg 2016/06/04 v1.11 sample graphics configuration
)
Package graphics Info: Driver file: pdftex.def on input line 107.

(/usr/share/texlive/texmf-dist/tex/latex/graphics-def/pdftex.def
File: pdftex.def 2022/09/22 v1.2b Graphics/color driver for pdftex
))
\Gin@req@height=\dimen173
\Gin@req@width=\dimen174
)
(/usr/share/texlive/texmf-dist/tex/latex/base/textcomp.sty
Package: textcomp 2020/02/02 v2.0n Standard LaTeX package
)
(/usr/share/texlive/texmf-dist/tex/latex/xcolor/xcolor.sty
Package: xcolor 2023/11/15 v3.01 LaTeX color extensions (UK)

(/usr/share/texlive/texmf-dist/tex/latex/graphics-cfg/color.cfg
File: color.cfg 2016/01/02 v1.6 sample color configuration
)
Package xcolor Info: Driver file: pdftex.def on input line 274.

(/usr/share/texlive/texmf-dist/tex/latex/graphics/mathcolor.ltx)
Package xcolor Info: Model `cmy' substituted by `cmy0' on input line 1350.
Package xcolor Info: Model `hsb' substituted by `rgb' on input line 1354.
Package xcolor Info: Model `RGB' extended on input line 1366.
Package xcolor Info: Model `HTML' substituted by `rgb' on input line 1368.
Package xcolor Info: Model `Hsb' substituted by `hsb' on input line 1369.
Package xcolor Info: Model `tHsb' substituted by `hsb' on input line 1370.
Package xcolor Info: Model `HSB' substituted by `hsb' on input line 1371.
Package xcolor Info: Model `Gray' substituted by `gray' on input line 1372.
Package xcolor Info: Model `wave' substituted by `hsb' on input line 1373.
)
(/usr/share/texlive/texmf-dist/tex/latex/booktabs/booktabs.sty
Package: booktabs 2020/01/12 v1.61803398 Publication quality tables
\heavyrulewidth=\dimen175
\lightrulewidth=\dimen176
\cmidrulewidth=\dimen177
\belowrulesep=\dimen178
\belowbottomsep=\dimen179
\aboverulesep=\dimen180
\abovetopsep=\dimen181
\cmidrulesep=\dimen182
\cmidrulekern=\dimen183
\defaultaddspace=\dimen184
\@cmidla=\count284
\@cmidlb=\count285
\@aboverulesep=\dimen185
\@belowrulesep=\dimen186
\@thisruleclass=\count286
\@lastruleclass=\count287
\@thisrulewidth=\dimen187
)
(/usr/share/texlive/texmf-dist/tex/latex/hyperref/hyperref.sty
Package: hyperref 2024-01-20 v7.01h Hypertext links for LaTeX

(/usr/share/texlive/texmf-dist/tex/generic/iftex/iftex.sty
Package: iftex 2022/02/03 v1.0f TeX engine tests
)
(/usr/share/texlive/texmf-dist/tex/latex/kvsetkeys/kvsetkeys.sty
Package: kvsetkeys 2022-10-05 v1.19 Key value parser (HO)
)
(/usr/share/texlive/texmf-dist/tex/generic/kvdefinekeys/kvdefinekeys.sty
Package: kvdefinekeys 2019-12-19 v1.6 Define keys (HO)
)
(/usr/share/texlive/texmf-dist/tex/generic/pdfescape/pdfescape.sty
Package: pdfescape 2019/12/09 v1.15 Implements pdfTeX's escape features (HO)

(/usr/share/texlive/texmf-dist/tex/generic/ltxcmds/ltxcmds.sty
Package: ltxcmds 2023-12-04 v1.26 LaTeX kernel commands for general use (HO)
)
(/usr/share/texlive/texmf-dist/tex/generic/pdftexcmds/pdftexcmds.sty
Package: pdftexcmds 2020-06-27 v0.33 Utility functions of pdfTeX for LuaTeX (HO
)

(/usr/share/texlive/texmf-dist/tex/generic/infwarerr/infwarerr.sty
Package: infwarerr 2019/12/03 v1.5 Providing info/warning/error messages (HO)
)
Package pdftexcmds Info: \pdf@primitive is available.
Package pdftexcmds Info: \pdf@ifprimitive is available.
Package pdftexcmds Info: \pdfdraftmode found.
))
(/usr/share/texlive/texmf-dist/tex/latex/hycolor/hycolor.sty
Package: hycolor 2020-01-27 v1.10 Color options for hyperref/bookmark (HO)
)
(/usr/share/texlive/texmf-dist/tex/latex/auxhook/auxhook.sty
Package: auxhook 2019-12-17 v1.6 Hooks for auxiliary files (HO)
)
(/usr/share/texlive/texmf-dist/tex/latex/hyperref/nameref.sty
Package: nameref 2023-11-26 v2.56 Cross-referencing by name of section

(/usr/share/texlive/texmf-dist/tex/latex/refcount/refcount.sty
Package: refcount 2019/12/15 v3.6 Data extraction from label references (HO)
)
(/usr/share/texlive/texmf-dist/tex/generic/gettitlestring/gettitlestring.sty
Package: gettitlestring 2019/12/15 v1.6 Cleanup title references (HO)

(/usr/share/texlive/texmf-dist/tex/latex/kvoptions/kvoptions.sty
Package: kvoptions 2022-06-15 v3.15 Key value format for package options (HO)
))
\c@section@level=\count288
)
(/usr/share/texlive/texmf-dist/tex/latex/etoolbox/etoolbox.sty
Package: etoolbox 2020/10/05 v2.5k e-TeX tools for LaTeX (JAW)
\etb@tempcnta=\count289
)
\@linkdim=\dimen188
\Hy@linkcounter=\count290
\Hy@pagecounter=\count291

(/usr/share/texlive/texmf-dist/tex/latex/hyperref/pd1enc.def
File: pd1enc.def 2024-01-20 v7.01h Hyperref: PDFDocEncoding definition (HO)
Now handling font encoding PD1 ...
... no UTF-8 mapping file for font encoding PD1
)
(/usr/share/texlive/texmf-dist/tex/generic/intcalc/intcalc.sty
Package: intcalc 2019/12/15 v1.3 Expandable calculations with integers (HO)
)
\Hy@SavedSpaceFactor=\count292

(/usr/share/texlive/texmf-dist/tex/latex/hyperref/puenc.def
File: puenc.def 2024-01-20 v7.01h Hyperref: PDF Unicode definition (HO)
Now handling font encoding PU ...
... no UTF-8 mapping file for font encoding PU
)
Package hyperref Info: Hyper figures OFF on input line 4179.
Package hyperref Info: Link nesting OFF on input line 4184.
Package hyperref Info: Hyper index ON on input line 4187.
Package hyperref Info: Plain pages OFF on input line 4194.
Package hyperref Info: Backreferencing OFF on input line 4199.
Package hyperref Info: Implicit mode ON; LaTeX internals redefined.
Package hyperref Info: Bookmarks ON on input line 4446.
\c@Hy@tempcnt=\count293

(/usr/share/texlive/texmf-dist/tex/latex/url/url.sty
\Urlmuskip=\muskip17
Package: url 2013/09/16  ver 3.4  Verb mode for urls, etc.
)
LaTeX Info: Redefining \url on input line 4784.
\XeTeXLinkMargin=\dimen189

(/usr/share/texlive/texmf-dist/tex/generic/bitset/bitset.sty
Package: bitset 2019/12/09 v1.3 Handle bit-vector datatype (HO)

(/usr/share/texlive/texmf-dist/tex/generic/bigintcalc/bigintcalc.sty
Package: bigintcalc 2019/12/15 v1.5 Expandable calculations on big integers (HO
)
))
\Fld@menulength=\count294
\Field@Width=\dimen190
\Fld@charsize=\dimen191
Package hyperref Info: Hyper figures OFF on input line 6063.
Package hyperref Info: Link nesting OFF on input line 6068.
Package hyperref Info: Hyper index ON on input line 6071.
Package hyperref Info: backreferencing OFF on input line 6078.
Package hyperref Info: Link coloring OFF on input line 6083.
Package hyperref Info: Link coloring with OCG OFF on input line 6088.
Package hyperref Info: PDF/A mode OFF on input line 6093.

(/usr/share/texlive/texmf-dist/tex/latex/base/atbegshi-ltx.sty
Package: atbegshi-ltx 2021/01/10 v1.0c Emulation of the original atbegshi
package with kernel methods
)
\Hy@abspage=\count295
\c@Item=\count296
\c@Hfootnote=\count297
)
Package hyperref Info: Driver (autodetected): hpdftex.

(/usr/share/texlive/texmf-dist/tex/latex/hyperref/hpdftex.def
File: hpdftex.def 2024-01-20 v7.01h Hyperref driver for pdfTeX

(/usr/share/texlive/texmf-dist/tex/latex/base/atveryend-ltx.sty
Package: atveryend-ltx 2020/08/19 v1.0a Emulation of the original atveryend pac
kage
with kernel methods
)
\Fld@listcount=\count298
\c@bookmark@seq@number=\count299

(/usr/share/texlive/texmf-dist/tex/latex/rerunfilecheck/rerunfilecheck.sty
Package: rerunfilecheck 2022-07-10 v1.10 Rerun checks for auxiliary files (HO)

(/usr/share/texlive/texmf-dist/tex/generic/uniquecounter/uniquecounter.sty
Package: uniquecounter 2019/12/15 v1.4 Provide unlimited unique counter (HO)
)
Package uniquecounter Info: New unique counter `rerunfilecheck' on input line 2
85.
)
\Hy@SectionHShift=\skip56
)
(/usr/share/texlive/texmf-dist/tex/latex/l3backend/l3backend-pdftex.def
File: l3backend-pdftex.def 2024-01-04 L3 backend support: PDF output (pdfTeX)
\l__color_backend_stack_int=\count300
\l__pdf_internal_box=\box55
)
(build.nosync/Project.aux)
\openout1 = `Project.aux'.

LaTeX Font Info:    Checking defaults for OML/cmm/m/it on input line 16.
LaTeX Font Info:    ... okay on input line 16.
LaTeX Font Info:    Checking defaults for OMS/cmsy/m/n on input line 16.
LaTeX Font Info:    ... okay on input line 16.
LaTeX Font Info:    Checking defaults for OT1/cmr/m/n on input line 16.
LaTeX Font Info:    ... okay on input line 16.
LaTeX Font Info:    Checking defaults for T1/cmr/m/n on input line 16.
LaTeX Font Info:    ... okay on input line 16.
LaTeX Font Info:    Checking defaults for TS1/cmr/m/n on input line 16.
LaTeX Font Info:    ... okay on input line 16.
LaTeX Font Info:    Checking defaults for OMX/cmex/m/n on input line 16.
LaTeX Font Info:    ... okay on input line 16.
LaTeX Font Info:    Checking defaults for U/cmr/m/n on input line 16.
LaTeX Font Info:    ... okay on input line 16.
LaTeX Font Info:    Checking defaults for PD1/pdf/m/n on input line 16.
LaTeX Font Info:    ... okay on input line 16.
LaTeX Font Info:    Checking defaults for PU/pdf/m/n on input line 16.
LaTeX Font Info:    ... okay on input line 16.

-- Verifying Times compatible math font.
** Times compatible math font not found, forcing.
-- Found newtxmath, loading.
(/usr/share/texlive/texmf-dist/tex/latex/newtx/newtxmath.sty
Package: newtxmath 2023/11/05 v1.732

`newtxmath' v1.732, 2023/11/05 Math macros based originally on txfonts (msharpe
) (/usr/share/texlive/texmf-dist/tex/latex/xkeyval/xkeyval.sty
Package: xkeyval 2022/06/16 v2.9 package option processing (HA)

(/usr/share/texlive/texmf-dist/tex/generic/xkeyval/xkeyval.tex
(/usr/share/texlive/texmf-dist/tex/generic/xkeyval/xkvutils.tex
\XKV@toks=\toks24
\XKV@tempa@toks=\toks25
)
\XKV@depth=\count301
File: xkeyval.tex 2014/12/03 v2.7a key=value parser (HA)
))
(/usr/share/texlive/texmf-dist/tex/latex/oberdiek/centernot.sty
Package: centernot 2016/05/16 v1.4 Centers the not symbol horizontally (HO)
)
\tx@cntz=\count302

(/usr/share/texlive/texmf-dist/tex/generic/kastrup/binhex.tex)
\tx@Isdigit=\count303
\tx@IsAlNum=\count304
\tx@tA=\toks26
\tx@tB=\toks27
\tx@su=\read2

amsthm NOT loaded
LaTeX Font Info:    Redeclaring symbol font `operators' on input line 390.
LaTeX Font Info:    Overwriting symbol font `operators' in version `normal'
(Font)                  OT1/cmr/m/n --> OT1/minntx/m/n on input line 390.
LaTeX Font Info:    Overwriting symbol font `operators' in version `bold'
(Font)                  OT1/cmr/bx/n --> OT1/minntx/m/n on input line 390.
LaTeX Font Info:    Overwriting symbol font `operators' in version `bold'
(Font)                  OT1/minntx/m/n --> OT1/minntx/b/n on input line 391.
LaTeX Font Info:    Redeclaring math alphabet \mathsf on input line 397.
LaTeX Font Info:    Overwriting math alphabet `\mathsf' in version `normal'
(Font)                  OT1/cmss/m/n --> OT1/phv/m/n on input line 397.
LaTeX Font Info:    Overwriting math alphabet `\mathsf' in version `bold'
(Font)                  OT1/cmss/bx/n --> OT1/phv/m/n on input line 397.
LaTeX Font Info:    Redeclaring math alphabet \mathit on input line 398.
LaTeX Font Info:    Overwriting math alphabet `\mathit' in version `normal'
(Font)                  OT1/cmr/m/it --> OT1/minntx/m/it on input line 398.
LaTeX Font Info:    Overwriting math alphabet `\mathit' in version `bold'
(Font)                  OT1/cmr/bx/it --> OT1/minntx/m/it on input line 398.
LaTeX Font Info:    Redeclaring math alphabet \mathtt on input line 399.
LaTeX Font Info:    Overwriting math alphabet `\mathtt' in version `normal'
(Font)                  OT1/cmtt/m/n --> OT1/pcr/m/n on input line 399.
LaTeX Font Info:    Overwriting math alphabet `\mathtt' in version `bold'
(Font)                  OT1/cmtt/m/n --> OT1/pcr/m/n on input line 399.
LaTeX Font Info:    Redeclaring math alphabet \mathbf on input line 401.
LaTeX Font Info:    Overwriting math alphabet `\mathbf' in version `normal'
(Font)                  OT1/cmr/bx/n --> OT1/minntx/b/n on input line 401.
LaTeX Font Info:    Overwriting math alphabet `\mathbf' in version `bold'
(Font)                  OT1/cmr/bx/n --> OT1/minntx/b/n on input line 401.
LaTeX Font Info:    Overwriting math alphabet `\mathit' in version `bold'
(Font)                  OT1/minntx/m/it --> OT1/minntx/b/it on input line 402.
LaTeX Font Info:    Overwriting math alphabet `\mathsf' in version `bold'
(Font)                  OT1/phv/m/n --> OT1/phv/b/n on input line 403.
LaTeX Font Info:    Overwriting math alphabet `\mathtt' in version `bold'
(Font)                  OT1/pcr/m/n --> OT1/pcr/b/n on input line 404.
LaTeX Font Info:    Redeclaring symbol font `letters' on input line 506.
LaTeX Font Info:    Overwriting symbol font `letters' in version `normal'
(Font)                  OML/cmm/m/it --> OML/ntxmi/m/it on input line 506.
LaTeX Font Info:    Overwriting symbol font `letters' in version `bold'
(Font)                  OML/cmm/b/it --> OML/ntxmi/m/it on input line 506.
LaTeX Font Info:    Overwriting symbol font `letters' in version `bold'
(Font)                  OML/ntxmi/m/it --> OML/ntxmi/b/it on input line 507.
\symlettersA=\mathgroup6
LaTeX Font Info:    Overwriting symbol font `lettersA' in version `bold'
(Font)                  U/ntxmia/m/it --> U/ntxmia/b/it on input line 562.
LaTeX Font Info:    Redeclaring math alphabet \mathfrak on input line 564.
Now handling font encoding LMS ...
... no UTF-8 mapping file for font encoding LMS
LaTeX Font Info:    Redeclaring symbol font `symbols' on input line 583.
LaTeX Font Info:    Encoding `OMS' has changed to `LMS' for symbol font
(Font)              `symbols' in the math version `normal' on input line 583.
LaTeX Font Info:    Overwriting symbol font `symbols' in version `normal'
(Font)                  OMS/cmsy/m/n --> LMS/ntxsy/m/n on input line 583.
LaTeX Font Info:    Encoding `OMS' has changed to `LMS' for symbol font
(Font)              `symbols' in the math version `bold' on input line 583.
LaTeX Font Info:    Overwriting symbol font `symbols' in version `bold'
(Font)                  OMS/cmsy/b/n --> LMS/ntxsy/m/n on input line 583.
LaTeX Font Info:    Overwriting symbol font `symbols' in version `bold'
(Font)                  LMS/ntxsy/m/n --> LMS/ntxsy/b/n on input line 584.
\symAMSm=\mathgroup7
LaTeX Font Info:    Overwriting symbol font `AMSm' in version `bold'
(Font)                  U/ntxsym/m/n --> U/ntxsym/b/n on input line 609.
\symsymbolsC=\mathgroup8
LaTeX Font Info:    Overwriting symbol font `symbolsC' in version `bold'
(Font)                  U/ntxsyc/m/n --> U/ntxsyc/b/n on input line 630.
Now handling font encoding LMX ...
... no UTF-8 mapping file for font encoding LMX
LaTeX Font Info:    Redeclaring symbol font `largesymbols' on input line 643.
LaTeX Font Info:    Encoding `OMX' has changed to `LMX' for symbol font
(Font)              `largesymbols' in the math version `normal' on input line 6
43.
LaTeX Font Info:    Overwriting symbol font `largesymbols' in version `normal'
(Font)                  OMX/cmex/m/n --> LMX/ntxexx/m/n on input line 643.
LaTeX Font Info:    Encoding `OMX' has changed to `LMX' for symbol font
(Font)              `largesymbols' in the math version `bold' on input line 643
.
LaTeX Font Info:    Overwriting symbol font `largesymbols' in version `bold'
(Font)                  OMX/cmex/m/n --> LMX/ntxexx/m/n on input line 643.
LaTeX Font Info:    Overwriting symbol font `largesymbols' in version `bold'
(Font)                  LMX/ntxexx/m/n --> LMX/ntxexx/b/n on input line 644.
\symlargesymbolsTXA=\mathgroup9
LaTeX Font Info:    Overwriting symbol font `largesymbolsTXA' in version `bold'

(Font)                  U/ntxexa/m/n --> U/ntxexa/b/n on input line 658.
\tx@sbptoks=\toks28
LaTeX Font Info:    Redeclaring math delimiter \lfloor on input line 881.
LaTeX Font Info:    Redeclaring math delimiter \rfloor on input line 882.
LaTeX Font Info:    Redeclaring math delimiter \lceil on input line 883.
LaTeX Font Info:    Redeclaring math delimiter \rceil on input line 884.
LaTeX Font Info:    Redeclaring math delimiter \lbrace on input line 889.
LaTeX Font Info:    Redeclaring math delimiter \rbrace on input line 890.
LaTeX Font Info:    Redeclaring math delimiter \langle on input line 892.
LaTeX Font Info:    Redeclaring math delimiter \rangle on input line 894.
LaTeX Font Info:    Redeclaring math delimiter \arrowvert on input line 898.
LaTeX Font Info:    Redeclaring math delimiter \vert on input line 899.
LaTeX Font Info:    Redeclaring math accent \dot on input line 970.
LaTeX Font Info:    Redeclaring math accent \ddot on input line 971.
LaTeX Font Info:    Redeclaring math accent \vec on input line 2044.
LaTeX Info: Redefining \Bbbk on input line 2834.
LaTeX Info: Redefining \not on input line 2982.
)
-- Lines per column: 58 (exact).
LaTeX Info: Command `\dddot' is already robust on input line 16.
LaTeX Info: Command `\ddddot' is already robust on input line 16.
(/usr/share/texlive/texmf-dist/tex/context/base/mkii/supp-pdf.mkii
[Loading MPS to PDF converter (version 2006.09.02).]
\scratchcounter=\count305
\scratchdimen=\dimen192
\scratchbox=\box56
\nofMPsegments=\count306
\nofMParguments=\count307
\everyMPshowfont=\toks29
\MPscratchCnt=\count308
\MPscratchDim=\dimen193
\MPnumerator=\count309
\makeMPintoPDFobject=\count310
\everyMPtoPDFconversion=\toks30
) (/usr/share/texlive/texmf-dist/tex/latex/epstopdf-pkg/epstopdf-base.sty
Package: epstopdf-base 2020-01-24 v2.11 Base part for package epstopdf

(/usr/share/texlive/texmf-dist/tex/latex/grfext/grfext.sty
Package: grfext 2019/12/03 v1.3 Manage graphics extensions (HO)
)
Package epstopdf-base Info: Redefining graphics rule for `.eps' on input line 4
85.
Package grfext Info: Graphics extension search list:
(grfext)             [.pdf,.png,.jpg,.mps,.jpeg,.jbig2,.jb2,.PDF,.PNG,.JPG,.JPE
G,.JBIG2,.JB2,.eps]
(grfext)             \AppendGraphicsExtensions on input line 504.

(/usr/share/texlive/texmf-dist/tex/latex/latexconfig/epstopdf-sys.cfg
File: epstopdf-sys.cfg 2010/07/13 v1.3 Configuration of (r)epstopdf for TeX Liv
e
))
Package hyperref Info: Link coloring OFF on input line 16.

(build.nosync/Project.out) (build.nosync/Project.out)
\@outlinefile=\write3
\openout3 = `Project.out'.

LaTeX Font Info:    Trying to load font information for OT1+minntx on input lin
e 38.

(/usr/share/texlive/texmf-dist/tex/latex/newtx/ot1minntx.fd
File: ot1minntx.fd 2023/09/09 v1.1 font definition file for OT1/minntx
)
LaTeX Font Info:    Trying to load font information for OML+ntxmi on input line
 38.

(/usr/share/texlive/texmf-dist/tex/latex/newtx/omlntxmi.fd
File: omlntxmi.fd 2015/08/25 Fontinst v1.933 font definitions for OML/ntxmi.
)
LaTeX Font Info:    Trying to load font information for LMS+ntxsy on input line
 38.

(/usr/share/texlive/texmf-dist/tex/latex/newtx/lmsntxsy.fd
File: lmsntxsy.fd 2016/07/02 Fontinst v1.933 font definitions for LMS/ntxsy.
)
LaTeX Font Info:    Trying to load font information for LMX+ntxexx on input lin
e 38.

(/usr/share/texlive/texmf-dist/tex/latex/newtx/lmxntxexx.fd
File: lmxntxexx.fd 2016/07/03 Fontinst v1.933 font definitions for LMX/ntxexx.
)
LaTeX Font Info:    Trying to load font information for U+msa on input line 38.


(/usr/share/texlive/texmf-dist/tex/latex/amsfonts/umsa.fd
File: umsa.fd 2013/01/14 v3.01 AMS symbols A
)
LaTeX Font Info:    Trying to load font information for U+msb on input line 38.


(/usr/share/texlive/texmf-dist/tex/latex/amsfonts/umsb.fd
File: umsb.fd 2013/01/14 v3.01 AMS symbols B
)
LaTeX Font Info:    Trying to load font information for U+ntxmia on input line 
38.

(/usr/share/texlive/texmf-dist/tex/latex/newtx/untxmia.fd
File: untxmia.fd 2018/04/14 Fontinst v1.933 font definitions for U/ntxmia.
)
LaTeX Font Info:    Trying to load font information for U+ntxsym on input line 
38.

(/usr/share/texlive/texmf-dist/tex/latex/newtx/untxsym.fd
File: untxsym.fd 2023/08/16 Fontinst v1.933 font definitions for U/ntxsym.
)
LaTeX Font Info:    Trying to load font information for U+ntxsyc on input line 
38.

(/usr/share/texlive/texmf-dist/tex/latex/newtx/untxsyc.fd
File: untxsyc.fd 2012/04/12 Fontinst v1.933 font definitions for U/ntxsyc.
)
LaTeX Font Info:    Trying to load font information for U+ntxexa on input line 
38.

(/usr/share/texlive/texmf-dist/tex/latex/newtx/untxexa.fd
File: untxexa.fd 2012/04/16 Fontinst v1.933 font definitions for U/ntxexa.
)
(./sections/02-background.tex
LaTeX Font Info:    Trying to load font information for TS1+ptm on input line 6
1.

(/usr/share/texlive/texmf-dist/tex/latex/psnfss/ts1ptm.fd
File: ts1ptm.fd 2001/06/04 font definitions for TS1/ptm.
)
LaTeX Font Info:    Trying to load font information for OT1+pcr on input line 6
4.

(/usr/share/texlive/texmf-dist/tex/latex/psnfss/ot1pcr.fd
File: ot1pcr.fd 2001/06/04 font definitions for OT1/pcr.
))
(./sections/04-otaniemi.tex
Underfull \hbox (badness 3281) in paragraph at lines 59--1
\OT1/ptm/m/n/10 tag, falling back to a de-fault of $\OT1/minntx/m/n/10 8 []$ \O
T1/ptm/m/n/10 where no tag
 []


Underfull \hbox (badness 1668) in paragraph at lines 59--1
\OT1/ptm/m/n/10 is present. Wall ma-te-ri-als are as-signed from the OSM
 []

[1{/var/lib/texmf/fonts/map/pdftex/updmap/pdftex.map}{/usr/share/texlive/texmf-
dist/fonts/enc/dvips/base/8r.enc}


{/usr/share/texlive/texmf-dist/fonts/enc/dvips/newtx/ntx-ot1-tlf.enc}]
<pictures/01_generate_dataset/scene_render.png, id=185, 549.7338pt x 426.393pt>

File: pictures/01_generate_dataset/scene_render.png Graphic file (type png)
<use pictures/01_generate_dataset/scene_render.png>
Package pdftex.def Info: pictures/01_generate_dataset/scene_render.png  used on
 input line 42.
(pdftex.def)             Requested size: 252.0pt x 195.46pt.
<pictures/01_generate_dataset/scene_with_devices.png, id=192, 549.7338pt x 426.
393pt>
File: pictures/01_generate_dataset/scene_with_devices.png Graphic file (type pn
g)
<use pictures/01_generate_dataset/scene_with_devices.png>
Package pdftex.def Info: pictures/01_generate_dataset/scene_with_devices.png  u
sed on input line 95.
(pdftex.def)             Requested size: 252.0pt x 195.46pt.
<pictures/01_generate_dataset/scene_with_paths.png, id=193, 549.7338pt x 426.39
3pt>
File: pictures/01_generate_dataset/scene_with_paths.png Graphic file (type png)

<use pictures/01_generate_dataset/scene_with_paths.png>
Package pdftex.def Info: pictures/01_generate_dataset/scene_with_paths.png  use
d on input line 104.
(pdftex.def)             Requested size: 252.0pt x 195.46pt.

Underfull \hbox (badness 10000) in paragraph at lines 114--123
[]\OT1/ptm/m/n/10 Surface ma-te-ri-als are as-signed from OSM
 []


Underfull \hbox (badness 1661) in paragraph at lines 114--123
\OT1/pcr/m/n/10 building:material \OT1/ptm/m/n/10 tags and fol-low ITU-R P.2040
-
 []


Underfull \hbox (badness 4543) in paragraph at lines 114--123
\OT1/ptm/m/n/10 specular re-flec-tions. Glass fa-cades, present on sev-eral
 []

[2 <./pictures/01_generate_dataset/scene_render.png> <./pictures/01_generate_da
taset/scene_with_devices.png>]
Overfull \hbox (16.8391pt too wide) in paragraph at lines 128--138
 [][] 
 []

) (./sections/05-radio.tex
<pictures/indoor-small-cell-tech.png, id=211, 411.5375pt x 244.915pt>
File: pictures/indoor-small-cell-tech.png Graphic file (type png)
<use pictures/indoor-small-cell-tech.png>
Package pdftex.def Info: pictures/indoor-small-cell-tech.png  used on input lin
e 39.
(pdftex.def)             Requested size: 176.39923pt x 104.97878pt.
) (./sections/06-dataset.tex [3 <./pictures/01_generate_dataset/scene_with_path
s.png> <./pictures/indoor-small-cell-tech.png>]
Underfull \hbox (badness 2894) in paragraph at lines 53--57
[]\OT1/pcr/m/n/10 frequency_domain \OT1/ptm/m/n/10 --- OFDM frequency-domain
 []


Underfull \hbox (badness 1454) in paragraph at lines 59--70
\OT1/ptm/m/n/10 er-ence UE po-si-tion. The Sionna CIR ten-sor has shape
 []

(./sections/sionna_dataset.tex) (./sections/mitsuba_dataset.tex)
Underfull \hbox (badness 3281) in paragraph at lines 106--118
\OT1/ptm/m/n/10 from the same ge-o-graphic scene us-ing the MAT-LAB
 []


Underfull \hbox (badness 1616) in paragraph at lines 106--118
\OT1/ptm/m/n/10 Ray Trac-ing tool-box. The MAT-LAB pipeline con-sumes
 []


Underfull \hbox (badness 4886) in paragraph at lines 106--118
\OT1/ptm/m/n/10 the Otaniemi OSM build-ing model (\OT1/pcr/m/n/10 otaniemi.osm\
OT1/ptm/m/n/10 ,
 []


Underfull \hbox (badness 2932) in paragraph at lines 106--118
\OT1/ptm/m/n/10 same foot-print as Sec-tion []II[]) and pro-duces a per-BS
 []


Underfull \hbox (badness 1400) in paragraph at lines 106--118
\OT1/ptm/m/n/10 JSON ex-port of angle-of-departure, de-lay, and received-
 []


Underfull \hbox (badness 10000) in paragraph at lines 106--118
\OT1/ptm/m/n/10 power fea-tures (\OT1/pcr/m/n/10 aod_otaniemi_16b16.json\OT1/pt
m/m/n/10 ,
 []


Underfull \hbox (badness 10000) in paragraph at lines 106--118
\OT1/pcr/m/n/10 timing_otaniemi.json\OT1/ptm/m/n/10 ,
 []


Underfull \hbox (badness 2818) in paragraph at lines 119--125
\OT1/ptm/m/n/10 as-sem-bles the MAT-LAB JSON out-puts into the same
 []


Underfull \hbox (badness 4156) in paragraph at lines 119--125
\OT1/pcr/m/n/10 fingerprint_rt_dataset.h5 \OT1/ptm/m/n/10 for-mat used by the
 []

[4]
Overfull \hbox (139.18982pt too wide) in paragraph at lines 130--141
 [][] 
 []

) (./sections/07-evaluation.tex
Underfull \hbox (badness 6316) in paragraph at lines 4--9
[]\OT1/ptm/m/n/10 This sec-tion presents a quan-ti-ta-tive com-par-i-son of
 []

<pictures/01_generate_dataset/sionna_cir.png, id=276, 722.7pt x 289.08pt>
File: pictures/01_generate_dataset/sionna_cir.png Graphic file (type png)
<use pictures/01_generate_dataset/sionna_cir.png>
Package pdftex.def Info: pictures/01_generate_dataset/sionna_cir.png  used on i
nput line 35.
(pdftex.def)             Requested size: 252.0pt x 100.80016pt.
<pictures/01_generate_dataset/mitsuba_cir.png, id=277, 722.7pt x 289.08pt>
File: pictures/01_generate_dataset/mitsuba_cir.png Graphic file (type png)
<use pictures/01_generate_dataset/mitsuba_cir.png>
Package pdftex.def Info: pictures/01_generate_dataset/mitsuba_cir.png  used on 
input line 43.
(pdftex.def)             Requested size: 252.0pt x 100.80016pt.

LaTeX Font Warning: Font shape `OT1/ptm/m/scit' undefined
(Font)              using `OT1/ptm/m/it' instead on input line 54.


LaTeX Font Warning: Font shape `OT1/ptm/m/scit' undefined
(Font)              using `OT1/ptm/m/it' instead on input line 54.

<pictures/02_rt_comparison/cir_comparison.png, id=283, 1011.78pt x 361.35pt>
File: pictures/02_rt_comparison/cir_comparison.png Graphic file (type png)
<use pictures/02_rt_comparison/cir_comparison.png>
Package pdftex.def Info: pictures/02_rt_comparison/cir_comparison.png  used on 
input line 82.
(pdftex.def)             Requested size: 252.0pt x 90.00093pt.
<pictures/02_rt_comparison/aoa_comparison.png, id=290, 1011.78pt x 361.35pt>
File: pictures/02_rt_comparison/aoa_comparison.png Graphic file (type png)
<use pictures/02_rt_comparison/aoa_comparison.png>
Package pdftex.def Info: pictures/02_rt_comparison/aoa_comparison.png  used on 
input line 108.
(pdftex.def)             Requested size: 252.0pt x 90.00093pt.
<pictures/02_rt_comparison/rt_comparison_stats.png, id=291, 867.24pt x 289.08pt
>
File: pictures/02_rt_comparison/rt_comparison_stats.png Graphic file (type png)

<use pictures/02_rt_comparison/rt_comparison_stats.png>
Package pdftex.def Info: pictures/02_rt_comparison/rt_comparison_stats.png  use
d on input line 117.
(pdftex.def)             Requested size: 252.0pt x 83.99866pt.
[5 <./pictures/01_generate_dataset/sionna_cir.png> <./pictures/01_generate_data
set/mitsuba_cir.png> <./pictures/02_rt_comparison/cir_comparison.png>])
(./sections/08-localization.tex
Underfull \hbox (badness 7814) in paragraph at lines 17--21
[]\OT1/ptm/b/n/10 wKNN (IDW)\OT1/ptm/m/n/10 : inverse-distance-weighted $\OML/n
txmi/m/it/10 k$\OT1/ptm/m/n/10 -nearest
 []

<pictures/03_localization/localization_error_cdf.png, id=322, 722.7pt x 433.62p
t>
File: pictures/03_localization/localization_error_cdf.png Graphic file (type pn
g)
<use pictures/03_localization/localization_error_cdf.png>
Package pdftex.def Info: pictures/03_localization/localization_error_cdf.png  u
sed on input line 79.
(pdftex.def)             Requested size: 252.0pt x 151.20026pt.
<pictures/03_localization/localization_metrics_comparison.png, id=323, 1011.78p
t x 361.35pt>
File: pictures/03_localization/localization_metrics_comparison.png Graphic file
 (type png)
<use pictures/03_localization/localization_metrics_comparison.png>
Package pdftex.def Info: pictures/03_localization/localization_metrics_comparis
on.png  used on input line 88.
(pdftex.def)             Requested size: 252.0pt x 90.00093pt.
<pictures/03_localization/localization_error_heatmaps.png, id=324, 2601.72pt x 
361.35pt>
File: pictures/03_localization/localization_error_heatmaps.png Graphic file (ty
pe png)
<use pictures/03_localization/localization_error_heatmaps.png>
Package pdftex.def Info: pictures/03_localization/localization_error_heatmaps.p
ng  used on input line 96.
(pdftex.def)             Requested size: 516.0pt x 71.6622pt.
[6 <./pictures/02_rt_comparison/aoa_comparison.png> <./pictures/02_rt_compariso
n/rt_comparison_stats.png>]
<pictures/03_localization/nn_regression_training.png, id=336, 722.7pt x 289.08p
t>
File: pictures/03_localization/nn_regression_training.png Graphic file (type pn
g)
<use pictures/03_localization/nn_regression_training.png>
Package pdftex.def Info: pictures/03_localization/nn_regression_training.png  u
sed on input line 125.
(pdftex.def)             Requested size: 252.0pt x 100.80016pt.
<pictures/03_localization/cnn_regression_training.png, id=337, 578.16pt x 289.0
8pt>
File: pictures/03_localization/cnn_regression_training.png Graphic file (type p
ng)
<use pictures/03_localization/cnn_regression_training.png>
Package pdftex.def Info: pictures/03_localization/cnn_regression_training.png  
used on input line 133.
(pdftex.def)             Requested size: 252.0pt x 126.0002pt.

Underfull \vbox (badness 8094) has occurred while \output is active []


Underfull \hbox (badness 8132) in paragraph at lines 165--172
\OT1/ptm/m/n/10 shows that drop-ping the raw OFDM taps and
 []


Underfull \hbox (badness 10000) in paragraph at lines 165--172
\OT1/ptm/m/n/10 keep-ing only the 90-feature ``Light'' sub-set
 []

(./sections/sionna_ablation_analysis.tex
Underfull \hbox (badness 10000) in paragraph at lines 77--84
 \OT1/ptm/m/it/10 c) Sin-gle scalar fea-tures are use-less alone but
 []


Underfull \hbox (badness 10000) in paragraph at lines 77--84
\OT1/ptm/m/it/10 use-ful in com-bi-na-tion.: [][] \OT1/pcr/m/n/10 Solo_TDoA\OT1
/ptm/m/n/10 , \OT1/pcr/m/n/10 Solo_Delay\OT1/ptm/m/n/10 ,
 []

[7 <./pictures/03_localization/localization_error_cdf.png> <./pictures/03_local
ization/localization_metrics_comparison.png>])
Underfull \hbox (badness 2158) in paragraph at lines 179--192
\OT1/ptm/m/n/10 in-tro-duced in Sec-tion [][][]. The MAT-LAB fin-ger-prints
 []


Underfull \hbox (badness 10000) in paragraph at lines 179--192
\OT1/ptm/m/n/10 use only four fea-ture fam-i-lies (AoA+RSS+Dly+Rch,
 []


Underfull \hbox (badness 10000) in paragraph at lines 179--192
\OT1/pcr/m/n/10 build_fingerprint_db_v3.m \OT1/ptm/m/n/10 (fea-ture as-sem-bly)
,
 []


Underfull \hbox (badness 7379) in paragraph at lines 179--192
\OT1/ptm/m/n/10 CV), \OT1/pcr/m/n/10 mpl_localization.m \OT1/ptm/m/n/10 (MLP re
-gres-sion), and
 []


Underfull \hbox (badness 1783) in paragraph at lines 179--192
\OT1/pcr/m/n/10 cnn1d_localization.m \OT1/ptm/m/n/10 (1-D CNN re-gres-sion). Th
e
 []


LaTeX Font Warning: Font shape `OT1/ptm/m/scit' undefined
(Font)              using `OT1/ptm/m/it' instead on input line 195.

[8 <./pictures/03_localization/localization_error_heatmaps.png> <./pictures/03_
localization/nn_regression_training.png> <./pictures/03_localization/cnn_regres
sion_training.png>]
Overfull \hbox (34.54817pt too wide) in paragraph at lines 235--235
 []\OT1/ptm/m/n/10 (tommiScene/pictures/03[]localization/localization[]error[]c
df.png 
 []


Overfull \hbox (49.81795pt too wide) in paragraph at lines 247--247
 \OT1/ptm/m/n/10 miScene/pictures/03[]localization/localization[]error[]heatmap
s.png).\OT1/ptm/b/n/10 ][] 
 []

) (./sections/09-channel_charting.tex
<pictures/04_channel_charting/channel_charts_coloured_x.png, id=389, 1714.2444p
t x 367.6134pt>
File: pictures/04_channel_charting/channel_charts_coloured_x.png Graphic file (
type png)
<use pictures/04_channel_charting/channel_charts_coloured_x.png>
Package pdftex.def Info: pictures/04_channel_charting/channel_charts_coloured_x
.png  used on input line 89.
(pdftex.def)             Requested size: 516.0pt x 110.65508pt.
<pictures/04_channel_charting/channel_charts_coloured_y.png, id=390, 1714.2444p
t x 367.6134pt>
File: pictures/04_channel_charting/channel_charts_coloured_y.png Graphic file (
type png)
<use pictures/04_channel_charting/channel_charts_coloured_y.png>
Package pdftex.def Info: pictures/04_channel_charting/channel_charts_coloured_y
.png  used on input line 98.
(pdftex.def)             Requested size: 516.0pt x 110.65508pt.
<pictures/04_channel_charting/channel_charts_comparison.png, id=391, 1713.7626p
t x 367.6134pt>
File: pictures/04_channel_charting/channel_charts_comparison.png Graphic file (
type png)
<use pictures/04_channel_charting/channel_charts_comparison.png>
Package pdftex.def Info: pictures/04_channel_charting/channel_charts_comparison
.png  used on input line 105.
(pdftex.def)             Requested size: 516.0pt x 110.68312pt.
<pictures/04_channel_charting/pca_explained_variance.png, id=392, 578.16pt x 28
9.08pt>
File: pictures/04_channel_charting/pca_explained_variance.png Graphic file (typ
e png)
<use pictures/04_channel_charting/pca_explained_variance.png>
Package pdftex.def Info: pictures/04_channel_charting/pca_explained_variance.pn
g  used on input line 114.
(pdftex.def)             Requested size: 252.0pt x 126.0002pt.
 [9]
Underfull \vbox (badness 10000) has occurred while \output is active []

 [10 <./pictures/04_channel_charting/channel_charts_coloured_x.png> <./pictures
/04_channel_charting/channel_charts_coloured_y.png> <./pictures/04_channel_char
ting/channel_charts_comparison.png> <./pictures/04_channel_charting/pca_explain
ed_variance.png>]
Underfull \hbox (badness 4467) in paragraph at lines 180--183
[]\OT1/ptm/m/it/10 Scene size \OT1/ptm/m/n/10 --- en-larg-ing the UE grid (re-d
uc-ing
 []


LaTeX Font Warning: Font shape `OT1/ptm/m/scit' undefined
(Font)              using `OT1/ptm/m/it' instead on input line 196.


Underfull \hbox (badness 1371) in paragraph at lines 211--224
\OT1/ptm/m/n/10 cor-pus: t-SNE gives the best neighbourhood-preservation
 []


Overfull \hbox (58.97868pt too wide) in paragraph at lines 233--233
 \OT1/ptm/m/n/10 miScene/pictures/04[]channel[]charting/channel[]charts[]colour
ed[]x.png 
 []

) (./sections/10-conclusion.tex) [11] (build.nosync/Project.bbl
Underfull \hbox (badness 10000) in paragraph at lines 66--68
[]\OT1/ptm/m/n/8 OpenStreetMap con-trib-u-tors, ``Open-StreetMap,'' []$https : 
/ / www .
 []

) [12] (build.nosync/Project.aux)
 ***********
LaTeX2e <2023-11-01> patch level 1
L3 programming layer <2024-01-22>
 ***********
Package rerunfilecheck Info: File `Project.out' has not changed.
(rerunfilecheck)             Checksum: 5FF80758EEF268DCCE5745F172BD198E;6199.
 ) 
Here is how much of TeX's memory you used:
 14063 strings out of 476106
 214385 string characters out of 5793933
 1956975 words of memory out of 5000000
 35675 multiletter control sequences out of 15000+600000
 641818 words of font info for 198 fonts, out of 8000000 for 9000
 59 hyphenation exceptions out of 8191
 75i,12n,79p,489b,528s stack positions out of 10000i,1000n,20000p,200000b,200000s
</usr/share/texlive/texmf-dist/fonts/type1/public/newtx/NewTXMI.pfb></usr/sha
re/texlive/texmf-dist/fonts/type1/public/newtx/NewTXMI5.pfb></usr/share/texlive
/texmf-dist/fonts/type1/public/newtx/NewTXMI7.pfb></usr/share/texlive/texmf-dis
t/fonts/type1/public/newtx/txexs.pfb></usr/share/texlive/texmf-dist/fonts/type1
/public/newtx/txmiaX.pfb></usr/share/texlive/texmf-dist/fonts/type1/public/newt
x/txsym.pfb></usr/share/texlive/texmf-dist/fonts/type1/public/newtx/txsys.pfb><
/usr/share/texlive/texmf-dist/fonts/type1/urw/courier/ucrr8a.pfb></usr/share/te
xlive/texmf-dist/fonts/type1/urw/times/utmb8a.pfb></usr/share/texlive/texmf-dis
t/fonts/type1/urw/times/utmbi8a.pfb></usr/share/texlive/texmf-dist/fonts/type1/
urw/times/utmr8a.pfb></usr/share/texlive/texmf-dist/fonts/type1/urw/times/utmri
8a.pfb></usr/share/texlive/texmf-dist/fonts/type1/public/newtx/ztmb.pfb></usr/s
hare/texlive/texmf-dist/fonts/type1/public/newtx/ztmr.pfb>
Output written on build.nosync/Project.pdf (12 pages, 4924410 bytes).
PDF statistics:
 542 PDF objects out of 1000 (max. 8388607)
 458 compressed objects within 5 object streams
 110 named destinations out of 1000 (max. 500000)
 363 words of extra memory for PDF output out of 10000 (max. 10000000)

